<?xml version="1.0" encoding="UTF-8"?>
<robot generator="Robot 3.1.2 (Python 3.8.6 on darwin)" generated="20201201 12:11:48.335" rpa="false">
<suite id="s1" name="testLogin" source="/Users/edo/Documents/git/robotFrm/testLogin.robot">
<test id="s1-t1" name="Test Login">
<kw name="Apri il sito alla pagina di login">
<kw name="Open Browser" library="SeleniumLibrary">
<doc>Opens a new browser instance to the optional ``url``.</doc>
<arguments>
<arg>https://www.saucedemo.com/</arg>
<arg>chrome</arg>
</arguments>
<msg timestamp="20201201 12:11:48.563" level="INFO">Opening browser 'chrome' to base url 'https://www.saucedemo.com/'.</msg>
<status status="PASS" starttime="20201201 12:11:48.563" endtime="20201201 12:11:52.212"></status>
</kw>
<status status="PASS" starttime="20201201 12:11:48.562" endtime="20201201 12:11:52.212"></status>
</kw>
<kw name="Immetti user name">
<kw name="Input Text" library="SeleniumLibrary">
<doc>Types the given ``text`` into the text field identified by ``locator``.</doc>
<arguments>
<arg>id:user-name</arg>
<arg>standard_user</arg>
</arguments>
<msg timestamp="20201201 12:11:52.213" level="INFO">Typing text 'standard_user' into text field 'id:user-name'.</msg>
<status status="PASS" starttime="20201201 12:11:52.213" endtime="20201201 12:11:52.447"></status>
</kw>
<status status="PASS" starttime="20201201 12:11:52.212" endtime="20201201 12:11:52.447"></status>
</kw>
<kw name="Immetti user password">
<kw name="Input Text" library="SeleniumLibrary">
<doc>Types the given ``text`` into the text field identified by ``locator``.</doc>
<arguments>
<arg>id:password</arg>
<arg>secret_sauce</arg>
</arguments>
<msg timestamp="20201201 12:11:52.448" level="INFO">Typing text 'secret_sauce' into text field 'id:password'.</msg>
<status status="PASS" starttime="20201201 12:11:52.448" endtime="20201201 12:11:52.576"></status>
</kw>
<status status="PASS" starttime="20201201 12:11:52.447" endtime="20201201 12:11:52.576"></status>
</kw>
<kw name="Pigia login">
<kw name="Click Button" library="SeleniumLibrary">
<doc>Clicks the button identified by ``locator``.</doc>
<arguments>
<arg>id:login-button</arg>
</arguments>
<msg timestamp="20201201 12:11:52.577" level="INFO">Clicking button 'id:login-button'.</msg>
<status status="PASS" starttime="20201201 12:11:52.577" endtime="20201201 12:11:53.809"></status>
</kw>
<status status="PASS" starttime="20201201 12:11:52.576" endtime="20201201 12:11:53.809"></status>
</kw>
<kw name="Verifica url">
<kw name="Location Should Be" library="SeleniumLibrary">
<doc>Verifies that the current URL is exactly ``url``.</doc>
<arguments>
<arg>https://www.saucedemo.com/inventory.html</arg>
</arguments>
<msg timestamp="20201201 12:11:53.816" level="INFO">Current location is 'https://www.saucedemo.com/inventory.html'.</msg>
<status status="PASS" starttime="20201201 12:11:53.810" endtime="20201201 12:11:53.816"></status>
</kw>
<status status="PASS" starttime="20201201 12:11:53.810" endtime="20201201 12:11:53.816"></status>
</kw>
<kw name="Verifica presenza prodotti">
<kw name="Page Should Contain Element" library="SeleniumLibrary">
<doc>Verifies that element ``locator`` is found on the current page.</doc>
<arguments>
<arg>id:inventory_container</arg>
</arguments>
<msg timestamp="20201201 12:11:53.833" level="INFO">Current page contains element 'id:inventory_container'.</msg>
<status status="PASS" starttime="20201201 12:11:53.817" endtime="20201201 12:11:53.833"></status>
</kw>
<status status="PASS" starttime="20201201 12:11:53.816" endtime="20201201 12:11:53.834"></status>
</kw>
<status status="PASS" starttime="20201201 12:11:48.561" endtime="20201201 12:11:53.834" critical="yes"></status>
</test>
<doc>Primo test di prova per il collauodo di RobotFRM</doc>
<status status="PASS" starttime="20201201 12:11:48.336" endtime="20201201 12:11:53.836"></status>
</suite>
<statistics>
<total>
<stat pass="1" fail="0">Critical Tests</stat>
<stat pass="1" fail="0">All Tests</stat>
</total>
<tag>
</tag>
<suite>
<stat pass="1" fail="0" id="s1" name="testLogin">testLogin</stat>
</suite>
</statistics>
<errors>
</errors>
</robot>
